{"D:\\bootcamp-revou\\week14\\week-14-RPrasetyoB\\src\\hook\\index.ts": {"path":"D:\\bootcamp-revou\\week14\\week-14-RPrasetyoB\\src\\hook\\index.ts","statementMap":{"0":{"start":{"line":1,"column":0},"end":{"line":1,"column":8}},"1":{"start":{"line":1,"column":8},"end":{"line":1,"column":33}}},"fnMap":{"0":{"name":"(anonymous_1)","decl":{"start":{"line":1,"column":8},"end":{"line":1,"column":15}},"loc":{"start":{"line":1,"column":8},"end":{"line":1,"column":33}}}},"branchMap":{},"s":{"0":3,"1":46},"f":{"0":43},"b":{}}
,"D:\\bootcamp-revou\\week14\\week-14-RPrasetyoB\\src\\hook\\useAuthChecker\\index.tsx": {"path":"D:\\bootcamp-revou\\week14\\week-14-RPrasetyoB\\src\\hook\\useAuthChecker\\index.tsx","statementMap":{"0":{"start":{"line":1,"column":0},"end":{"line":1,"column":47}},"1":{"start":{"line":2,"column":0},"end":{"line":2,"column":47}},"2":{"start":{"line":4,"column":23},"end":{"line":16,"column":1}},"3":{"start":{"line":5,"column":21},"end":{"line":5,"column":34}},"4":{"start":{"line":7,"column":20},"end":{"line":11,"column":23}},"5":{"start":{"line":8,"column":4},"end":{"line":10,"column":null}},"6":{"start":{"line":9,"column":6},"end":{"line":9,"column":25}},"7":{"start":{"line":13,"column":2},"end":{"line":15,"column":18}},"8":{"start":{"line":14,"column":4},"end":{"line":14,"column":16}},"9":{"start":{"line":18,"column":0},"end":{"line":18,"column":30}}},"fnMap":{"0":{"name":"(anonymous_0)","decl":{"start":{"line":4,"column":23},"end":{"line":4,"column":24}},"loc":{"start":{"line":4,"column":44},"end":{"line":16,"column":1}}},"1":{"name":"(anonymous_1)","decl":{"start":{"line":7,"column":32},"end":{"line":7,"column":null}},"loc":{"start":{"line":7,"column":32},"end":{"line":11,"column":3}}},"2":{"name":"(anonymous_2)","decl":{"start":{"line":13,"column":12},"end":{"line":13,"column":null}},"loc":{"start":{"line":13,"column":12},"end":{"line":15,"column":3}}}},"branchMap":{"0":{"loc":{"start":{"line":8,"column":4},"end":{"line":10,"column":null}},"type":"if","locations":[{"start":{"line":8,"column":4},"end":{"line":10,"column":null}}]}},"s":{"0":3,"1":3,"2":3,"3":43,"4":43,"5":21,"6":20,"7":43,"8":21,"9":3},"f":{"0":43,"1":21,"2":21},"b":{"0":[20]}}
,"D:\\bootcamp-revou\\week14\\week-14-RPrasetyoB\\src\\pages\\AddCategory\\index.tsx": {"path":"D:\\bootcamp-revou\\week14\\week-14-RPrasetyoB\\src\\pages\\AddCategory\\index.tsx","statementMap":{"0":{"start":{"line":1,"column":0},"end":{"line":1,"column":33}},"1":{"start":{"line":2,"column":0},"end":{"line":2,"column":38}},"2":{"start":{"line":3,"column":0},"end":{"line":3,"column":124}},"3":{"start":{"line":4,"column":0},"end":{"line":4,"column":27}},"4":{"start":{"line":5,"column":0},"end":{"line":5,"column":47}},"5":{"start":{"line":6,"column":0},"end":{"line":6,"column":41}},"6":{"start":{"line":8,"column":0},"end":{"line":8,"column":31}},"7":{"start":{"line":9,"column":0},"end":{"line":9,"column":44}},"8":{"start":{"line":11,"column":25},"end":{"line":13,"column":2}},"9":{"start":{"line":20,"column":22},"end":{"line":23,"column":2}},"10":{"start":{"line":25,"column":30},"end":{"line":187,"column":1}},"11":{"start":{"line":26,"column":21},"end":{"line":26,"column":34}},"12":{"start":{"line":27,"column":18},"end":{"line":27,"column":51}},"13":{"start":{"line":28,"column":4},"end":{"line":28,"column":null}},"14":{"start":{"line":29,"column":38},"end":{"line":29,"column":53}},"15":{"start":{"line":29,"column":20},"end":{"line":29,"column":22}},"16":{"start":{"line":29,"column":34},"end":{"line":29,"column":38}},"17":{"start":{"line":30,"column":32},"end":{"line":30,"column":65}},"18":{"start":{"line":30,"column":17},"end":{"line":30,"column":19}},"19":{"start":{"line":30,"column":28},"end":{"line":30,"column":32}},"20":{"start":{"line":32,"column":25},"end":{"line":35,"column":5}},"21":{"start":{"line":33,"column":24},"end":{"line":33,"column":52}},"22":{"start":{"line":34,"column":6},"end":{"line":34,"column":27}},"23":{"start":{"line":37,"column":25},"end":{"line":96,"column":6}},"24":{"start":{"line":37,"column":51},"end":{"line":96,"column":6}},"25":{"start":{"line":38,"column":8},"end":{"line":38,"column":27}},"26":{"start":{"line":40,"column":8},"end":{"line":44,"column":null}},"27":{"start":{"line":41,"column":10},"end":{"line":41,"column":null}},"28":{"start":{"line":43,"column":10},"end":{"line":43,"column":null}},"29":{"start":{"line":46,"column":14},"end":{"line":49,"column":null}},"30":{"start":{"line":50,"column":14},"end":{"line":50,"column":null}},"31":{"start":{"line":51,"column":14},"end":{"line":51,"column":42}},"32":{"start":{"line":52,"column":29},"end":{"line":58,"column":null}},"33":{"start":{"line":52,"column":14},"end":{"line":58,"column":null}},"34":{"start":{"line":59,"column":21},"end":{"line":59,"column":null}},"35":{"start":{"line":59,"column":14},"end":{"line":59,"column":null}},"36":{"start":{"line":60,"column":14},"end":{"line":60,"column":100}},"37":{"start":{"line":60,"column":85},"end":{"line":60,"column":99}},"38":{"start":{"line":62,"column":12},"end":{"line":62,"column":33}},"39":{"start":{"line":63,"column":8},"end":{"line":67,"column":11}},"40":{"start":{"line":68,"column":8},"end":{"line":68,"column":28}},"41":{"start":{"line":70,"column":14},"end":{"line":70,"column":48}},"42":{"start":{"line":71,"column":25},"end":{"line":78,"column":null}},"43":{"start":{"line":71,"column":14},"end":{"line":78,"column":null}},"44":{"start":{"line":80,"column":8},"end":{"line":93,"column":null}},"45":{"start":{"line":81,"column":12},"end":{"line":85,"column":15}},"46":{"start":{"line":86,"column":12},"end":{"line":86,"column":26}},"47":{"start":{"line":88,"column":12},"end":{"line":92,"column":15}},"48":{"start":{"line":94,"column":8},"end":{"line":94,"column":28}},"49":{"start":{"line":98,"column":25},"end":{"line":100,"column":5}},"50":{"start":{"line":99,"column":8},"end":{"line":99,"column":null}},"51":{"start":{"line":102,"column":4},"end":{"line":186,"column":6}},"52":{"start":{"line":110,"column":32},"end":{"line":110,"column":null}},"53":{"start":{"line":111,"column":27},"end":{"line":111,"column":null}},"54":{"start":{"line":112,"column":26},"end":{"line":112,"column":null}},"55":{"start":{"line":113,"column":32},"end":{"line":113,"column":null}},"56":{"start":{"line":114,"column":30},"end":{"line":114,"column":null}},"57":{"start":{"line":115,"column":32},"end":{"line":115,"column":null}},"58":{"start":{"line":116,"column":22},"end":{"line":183,"column":null}},"59":{"start":{"line":189,"column":0},"end":{"line":189,"column":27}}},"fnMap":{"0":{"name":"(anonymous_20)","decl":{"start":{"line":25,"column":30},"end":{"line":25,"column":null}},"loc":{"start":{"line":25,"column":30},"end":{"line":187,"column":1}}},"1":{"name":"(anonymous_21)","decl":{"start":{"line":32,"column":25},"end":{"line":32,"column":26}},"loc":{"start":{"line":32,"column":50},"end":{"line":35,"column":5}}},"2":{"name":"(anonymous_22)","decl":{"start":{"line":37,"column":25},"end":{"line":37,"column":32}},"loc":{"start":{"line":37,"column":51},"end":{"line":96,"column":6}}},"3":{"name":"(anonymous_23)","decl":{"start":{"line":37,"column":51},"end":{"line":37,"column":null}},"loc":{"start":{"line":37,"column":51},"end":{"line":96,"column":6}}},"4":{"name":"(anonymous_25)","decl":{"start":{"line":60,"column":52},"end":{"line":60,"column":53}},"loc":{"start":{"line":60,"column":80},"end":{"line":60,"column":93}}},"5":{"name":"(anonymous_26)","decl":{"start":{"line":98,"column":25},"end":{"line":98,"column":null}},"loc":{"start":{"line":98,"column":25},"end":{"line":100,"column":5}}},"6":{"name":"(anonymous_27)","decl":{"start":{"line":109,"column":17},"end":{"line":109,"column":18}},"loc":{"start":{"line":116,"column":17},"end":{"line":116,"column":null}}}},"branchMap":{"0":{"loc":{"start":{"line":40,"column":8},"end":{"line":44,"column":null}},"type":"if","locations":[{"start":{"line":40,"column":8},"end":{"line":44,"column":null}},{"start":{"line":42,"column":15},"end":{"line":44,"column":null}}]},"1":{"loc":{"start":{"line":62,"column":12},"end":{"line":62,"column":33}},"type":"if","locations":[{"start":{"line":62,"column":12},"end":{"line":62,"column":33}}]},"2":{"loc":{"start":{"line":80,"column":8},"end":{"line":93,"column":null}},"type":"if","locations":[{"start":{"line":80,"column":8},"end":{"line":93,"column":null}},{"start":{"line":87,"column":15},"end":{"line":93,"column":null}}]},"3":{"loc":{"start":{"line":143,"column":51},"end":{"line":143,"column":78}},"type":"binary-expr","locations":[{"start":{"line":143,"column":51},"end":{"line":143,"column":63}},{"start":{"line":143,"column":67},"end":{"line":143,"column":78}}]},"4":{"loc":{"start":{"line":144,"column":48},"end":{"line":144,"column":75}},"type":"binary-expr","locations":[{"start":{"line":144,"column":48},"end":{"line":144,"column":60}},{"start":{"line":144,"column":64},"end":{"line":144,"column":75}}]},"5":{"loc":{"start":{"line":167,"column":42},"end":{"line":167,"column":67}},"type":"binary-expr","locations":[{"start":{"line":167,"column":42},"end":{"line":167,"column":51}},{"start":{"line":167,"column":55},"end":{"line":167,"column":67}}]},"6":{"loc":{"start":{"line":170,"column":33},"end":{"line":170,"column":64}},"type":"cond-expr","locations":[{"start":{"line":170,"column":45},"end":{"line":170,"column":56}},{"start":{"line":170,"column":59},"end":{"line":170,"column":64}}]}},"s":{"0":1,"1":1,"2":1,"3":1,"4":1,"5":1,"6":1,"7":1,"8":1,"9":1,"10":1,"11":11,"12":11,"13":11,"14":11,"15":11,"16":11,"17":11,"18":11,"19":11,"20":11,"21":1,"22":1,"23":11,"24":1,"25":1,"26":1,"27":1,"28":0,"29":1,"30":1,"31":1,"32":1,"33":1,"34":1,"35":1,"36":1,"37":0,"38":0,"39":0,"40":0,"41":0,"42":0,"43":0,"44":0,"45":0,"46":0,"47":0,"48":0,"49":11,"50":0,"51":11,"52":13,"53":13,"54":13,"55":13,"56":13,"57":13,"58":13,"59":1},"f":{"0":11,"1":1,"2":1,"3":1,"4":0,"5":0,"6":13},"b":{"0":[1,0],"1":[0],"2":[0,0],"3":[13,2],"4":[13,2],"5":[13,12],"6":[1,12]}}
,"D:\\bootcamp-revou\\week14\\week-14-RPrasetyoB\\src\\pages\\EditCategory\\index.tsx": {"path":"D:\\bootcamp-revou\\week14\\week-14-RPrasetyoB\\src\\pages\\EditCategory\\index.tsx","statementMap":{"0":{"start":{"line":1,"column":0},"end":{"line":1,"column":57}},"1":{"start":{"line":2,"column":0},"end":{"line":2,"column":38}},"2":{"start":{"line":3,"column":0},"end":{"line":3,"column":143}},"3":{"start":{"line":4,"column":0},"end":{"line":4,"column":27}},"4":{"start":{"line":5,"column":0},"end":{"line":5,"column":58}},"5":{"start":{"line":6,"column":0},"end":{"line":6,"column":41}},"6":{"start":{"line":7,"column":0},"end":{"line":7,"column":31}},"7":{"start":{"line":8,"column":0},"end":{"line":8,"column":44}},"8":{"start":{"line":10,"column":25},"end":{"line":12,"column":2}},"9":{"start":{"line":21,"column":31},"end":{"line":188,"column":1}},"10":{"start":{"line":22,"column":19},"end":{"line":22,"column":32}},"11":{"start":{"line":23,"column":16},"end":{"line":23,"column":49}},"12":{"start":{"line":24,"column":2},"end":{"line":24,"column":null}},"13":{"start":{"line":25,"column":17},"end":{"line":25,"column":29}},"14":{"start":{"line":26,"column":15},"end":{"line":26,"column":41}},"15":{"start":{"line":28,"column":34},"end":{"line":28,"column":58}},"16":{"start":{"line":28,"column":17},"end":{"line":28,"column":19}},"17":{"start":{"line":28,"column":30},"end":{"line":28,"column":34}},"18":{"start":{"line":29,"column":24},"end":{"line":33,"column":4}},"19":{"start":{"line":35,"column":22},"end":{"line":45,"column":null}},"20":{"start":{"line":36,"column":4},"end":{"line":44,"column":null}},"21":{"start":{"line":37,"column":23},"end":{"line":41,"column":null}},"22":{"start":{"line":37,"column":12},"end":{"line":41,"column":null}},"23":{"start":{"line":42,"column":19},"end":{"line":42,"column":null}},"24":{"start":{"line":42,"column":12},"end":{"line":42,"column":null}},"25":{"start":{"line":43,"column":6},"end":{"line":43,"column":29}},"26":{"start":{"line":48,"column":2},"end":{"line":53,"column":4}},"27":{"start":{"line":50,"column":6},"end":{"line":50,"column":20}},"28":{"start":{"line":55,"column":36},"end":{"line":55,"column":51}},"29":{"start":{"line":55,"column":18},"end":{"line":55,"column":20}},"30":{"start":{"line":55,"column":32},"end":{"line":55,"column":36}},"31":{"start":{"line":56,"column":30},"end":{"line":56,"column":63}},"32":{"start":{"line":56,"column":15},"end":{"line":56,"column":17}},"33":{"start":{"line":56,"column":26},"end":{"line":56,"column":30}},"34":{"start":{"line":58,"column":23},"end":{"line":61,"column":3}},"35":{"start":{"line":59,"column":22},"end":{"line":59,"column":50}},"36":{"start":{"line":60,"column":4},"end":{"line":60,"column":25}},"37":{"start":{"line":63,"column":23},"end":{"line":95,"column":4}},"38":{"start":{"line":63,"column":50},"end":{"line":95,"column":4}},"39":{"start":{"line":64,"column":4},"end":{"line":64,"column":23}},"40":{"start":{"line":66,"column":10},"end":{"line":66,"column":48}},"41":{"start":{"line":68,"column":10},"end":{"line":72,"column":null}},"42":{"start":{"line":74,"column":10},"end":{"line":74,"column":44}},"43":{"start":{"line":76,"column":6},"end":{"line":83,"column":9}},"44":{"start":{"line":84,"column":6},"end":{"line":88,"column":11}},"45":{"start":{"line":89,"column":6},"end":{"line":89,"column":20}},"46":{"start":{"line":91,"column":6},"end":{"line":91,"column":25}},"47":{"start":{"line":93,"column":6},"end":{"line":93,"column":26}},"48":{"start":{"line":97,"column":23},"end":{"line":99,"column":3}},"49":{"start":{"line":98,"column":4},"end":{"line":98,"column":18}},"50":{"start":{"line":101,"column":2},"end":{"line":187,"column":4}},"51":{"start":{"line":109,"column":24},"end":{"line":109,"column":null}},"52":{"start":{"line":110,"column":19},"end":{"line":110,"column":null}},"53":{"start":{"line":111,"column":18},"end":{"line":111,"column":null}},"54":{"start":{"line":112,"column":24},"end":{"line":112,"column":null}},"55":{"start":{"line":113,"column":22},"end":{"line":113,"column":null}},"56":{"start":{"line":114,"column":24},"end":{"line":114,"column":null}},"57":{"start":{"line":115,"column":14},"end":{"line":184,"column":null}},"58":{"start":{"line":190,"column":0},"end":{"line":190,"column":28}}},"fnMap":{"0":{"name":"(anonymous_20)","decl":{"start":{"line":21,"column":31},"end":{"line":21,"column":null}},"loc":{"start":{"line":21,"column":31},"end":{"line":188,"column":1}}},"1":{"name":"(anonymous_21)","decl":{"start":{"line":36,"column":4},"end":{"line":36,"column":null}},"loc":{"start":{"line":36,"column":4},"end":{"line":44,"column":null}}},"2":{"name":"(anonymous_24)","decl":{"start":{"line":49,"column":4},"end":{"line":49,"column":null}},"loc":{"start":{"line":49,"column":4},"end":{"line":51,"column":5}}},"3":{"name":"(anonymous_25)","decl":{"start":{"line":58,"column":23},"end":{"line":58,"column":24}},"loc":{"start":{"line":58,"column":48},"end":{"line":61,"column":3}}},"4":{"name":"(anonymous_26)","decl":{"start":{"line":63,"column":23},"end":{"line":63,"column":30}},"loc":{"start":{"line":63,"column":50},"end":{"line":95,"column":4}}},"5":{"name":"(anonymous_27)","decl":{"start":{"line":63,"column":50},"end":{"line":63,"column":null}},"loc":{"start":{"line":63,"column":50},"end":{"line":95,"column":4}}},"6":{"name":"(anonymous_29)","decl":{"start":{"line":97,"column":23},"end":{"line":97,"column":null}},"loc":{"start":{"line":97,"column":23},"end":{"line":99,"column":3}}},"7":{"name":"(anonymous_30)","decl":{"start":{"line":108,"column":9},"end":{"line":108,"column":10}},"loc":{"start":{"line":115,"column":9},"end":{"line":115,"column":null}}}},"branchMap":{"0":{"loc":{"start":{"line":31,"column":10},"end":{"line":31,"column":24}},"type":"cond-expr","locations":[{"start":{"line":31,"column":18},"end":{"line":31,"column":20}},{"start":{"line":31,"column":10},"end":{"line":31,"column":24}}]},"1":{"loc":{"start":{"line":31,"column":10},"end":{"line":31,"column":20}},"type":"binary-expr","locations":[{"start":{"line":31,"column":10},"end":{"line":31,"column":20}},{"start":{"line":31,"column":10},"end":{"line":31,"column":20}}]},"2":{"loc":{"start":{"line":32,"column":15},"end":{"line":32,"column":34}},"type":"cond-expr","locations":[{"start":{"line":32,"column":23},"end":{"line":32,"column":25}},{"start":{"line":32,"column":15},"end":{"line":32,"column":34}}]},"3":{"loc":{"start":{"line":32,"column":15},"end":{"line":32,"column":25}},"type":"binary-expr","locations":[{"start":{"line":32,"column":15},"end":{"line":32,"column":25}},{"start":{"line":32,"column":15},"end":{"line":32,"column":25}}]},"4":{"loc":{"start":{"line":37,"column":23},"end":{"line":41,"column":null}},"type":"switch","locations":[{"start":{"line":37,"column":23},"end":{"line":41,"column":null}}]},"5":{"loc":{"start":{"line":138,"column":32},"end":{"line":138,"column":46}},"type":"cond-expr","locations":[{"start":{"line":138,"column":40},"end":{"line":138,"column":42}},{"start":{"line":138,"column":32},"end":{"line":138,"column":46}}]},"6":{"loc":{"start":{"line":138,"column":32},"end":{"line":138,"column":42}},"type":"binary-expr","locations":[{"start":{"line":138,"column":32},"end":{"line":138,"column":42}},{"start":{"line":138,"column":32},"end":{"line":138,"column":42}}]},"7":{"loc":{"start":{"line":143,"column":33},"end":{"line":143,"column":60}},"type":"binary-expr","locations":[{"start":{"line":143,"column":33},"end":{"line":143,"column":45}},{"start":{"line":143,"column":49},"end":{"line":143,"column":60}}]},"8":{"loc":{"start":{"line":144,"column":30},"end":{"line":144,"column":57}},"type":"binary-expr","locations":[{"start":{"line":144,"column":30},"end":{"line":144,"column":42}},{"start":{"line":144,"column":46},"end":{"line":144,"column":57}}]},"9":{"loc":{"start":{"line":157,"column":44},"end":{"line":157,"column":105}},"type":"cond-expr","locations":[{"start":{"line":157,"column":66},"end":{"line":157,"column":83}},{"start":{"line":157,"column":86},"end":{"line":157,"column":105}}]},"10":{"loc":{"start":{"line":157,"column":44},"end":{"line":157,"column":63}},"type":"cond-expr","locations":[{"start":{"line":157,"column":52},"end":{"line":157,"column":54}},{"start":{"line":157,"column":44},"end":{"line":157,"column":63}}]},"11":{"loc":{"start":{"line":157,"column":44},"end":{"line":157,"column":54}},"type":"binary-expr","locations":[{"start":{"line":157,"column":44},"end":{"line":157,"column":54}},{"start":{"line":157,"column":44},"end":{"line":157,"column":54}}]},"12":{"loc":{"start":{"line":168,"column":26},"end":{"line":168,"column":51}},"type":"binary-expr","locations":[{"start":{"line":168,"column":26},"end":{"line":168,"column":35}},{"start":{"line":168,"column":39},"end":{"line":168,"column":51}}]},"13":{"loc":{"start":{"line":171,"column":17},"end":{"line":171,"column":53}},"type":"cond-expr","locations":[{"start":{"line":171,"column":29},"end":{"line":171,"column":42}},{"start":{"line":171,"column":45},"end":{"line":171,"column":53}}]}},"s":{"0":1,"1":1,"2":1,"3":1,"4":1,"5":1,"6":1,"7":1,"8":1,"9":1,"10":12,"11":11,"12":11,"13":11,"14":11,"15":11,"16":11,"17":11,"18":11,"19":11,"20":4,"21":4,"22":4,"23":4,"24":4,"25":4,"26":11,"27":4,"28":11,"29":11,"30":11,"31":11,"32":11,"33":11,"34":11,"35":1,"36":1,"37":11,"38":1,"39":1,"40":1,"41":1,"42":1,"43":2,"44":1,"45":1,"46":0,"47":1,"48":11,"49":0,"50":11,"51":13,"52":13,"53":13,"54":13,"55":13,"56":13,"57":13,"58":1},"f":{"0":12,"1":8,"2":4,"3":1,"4":1,"5":1,"6":0,"7":13},"b":{"0":[11,0],"1":[11,11],"2":[11,0],"3":[11,11],"4":[4],"5":[13,0],"6":[13,13],"7":[13,2],"8":[13,2],"9":[0,13],"10":[13,0],"11":[13,13],"12":[13,13],"13":[0,13]}}
,"D:\\bootcamp-revou\\week14\\week-14-RPrasetyoB\\src\\pages\\HomePage\\fetchMockCategories.ts": {"path":"D:\\bootcamp-revou\\week14\\week-14-RPrasetyoB\\src\\pages\\HomePage\\fetchMockCategories.ts","statementMap":{"0":{"start":{"line":1,"column":13},"end":{"line":12,"column":4}},"1":{"start":{"line":14,"column":37},"end":{"line":19,"column":4}},"2":{"start":{"line":15,"column":4},"end":{"line":18,"column":6}},"3":{"start":{"line":16,"column":12},"end":{"line":16,"column":null}},"4":{"start":{"line":16,"column":24},"end":{"line":16,"column":null}},"5":{"start":{"line":14,"column":15},"end":{"line":14,"column":37}}},"fnMap":{"0":{"name":"(anonymous_13)","decl":{"start":{"line":14,"column":37},"end":{"line":14,"column":null}},"loc":{"start":{"line":14,"column":37},"end":{"line":19,"column":4}}},"1":{"name":"(anonymous_16)","decl":{"start":{"line":16,"column":12},"end":{"line":16,"column":24}},"loc":{"start":{"line":16,"column":12},"end":{"line":16,"column":null}}}},"branchMap":{},"s":{"0":1,"1":13,"2":12,"3":24,"4":12,"5":1},"f":{"0":24,"1":36},"b":{}}
,"D:\\bootcamp-revou\\week14\\week-14-RPrasetyoB\\src\\pages\\HomePage\\index.tsx": {"path":"D:\\bootcamp-revou\\week14\\week-14-RPrasetyoB\\src\\pages\\HomePage\\index.tsx","statementMap":{"0":{"start":{"line":1,"column":0},"end":{"line":1,"column":51}},"1":{"start":{"line":2,"column":0},"end":{"line":2,"column":39}},"2":{"start":{"line":3,"column":0},"end":{"line":3,"column":41}},"3":{"start":{"line":4,"column":0},"end":{"line":4,"column":46}},"4":{"start":{"line":5,"column":0},"end":{"line":5,"column":40}},"5":{"start":{"line":6,"column":0},"end":{"line":6,"column":48}},"6":{"start":{"line":7,"column":0},"end":{"line":7,"column":70}},"7":{"start":{"line":8,"column":0},"end":{"line":8,"column":58}},"8":{"start":{"line":9,"column":0},"end":{"line":9,"column":48}},"9":{"start":{"line":10,"column":0},"end":{"line":10,"column":46}},"10":{"start":{"line":11,"column":0},"end":{"line":11,"column":40}},"11":{"start":{"line":12,"column":0},"end":{"line":12,"column":52}},"12":{"start":{"line":13,"column":0},"end":{"line":13,"column":40}},"13":{"start":{"line":14,"column":0},"end":{"line":14,"column":43}},"14":{"start":{"line":15,"column":0},"end":{"line":15,"column":31}},"15":{"start":{"line":16,"column":0},"end":{"line":16,"column":60}},"16":{"start":{"line":17,"column":0},"end":{"line":17,"column":52}},"17":{"start":{"line":18,"column":0},"end":{"line":18,"column":47}},"18":{"start":{"line":19,"column":0},"end":{"line":19,"column":44}},"19":{"start":{"line":22,"column":23},"end":{"line":29,"column":3}},"20":{"start":{"line":22,"column":48},"end":{"line":22,"column":50}},"21":{"start":{"line":22,"column":55},"end":{"line":29,"column":3}},"22":{"start":{"line":31,"column":24},"end":{"line":40,"column":3}},"23":{"start":{"line":31,"column":50},"end":{"line":31,"column":52}},"24":{"start":{"line":31,"column":57},"end":{"line":40,"column":3}},"25":{"start":{"line":53,"column":27},"end":{"line":282,"column":1}},"26":{"start":{"line":56,"column":19},"end":{"line":56,"column":32}},"27":{"start":{"line":59,"column":16},"end":{"line":59,"column":49}},"28":{"start":{"line":60,"column":2},"end":{"line":60,"column":null}},"29":{"start":{"line":63,"column":40},"end":{"line":63,"column":51}},"30":{"start":{"line":63,"column":20},"end":{"line":63,"column":22}},"31":{"start":{"line":63,"column":36},"end":{"line":63,"column":40}},"32":{"start":{"line":64,"column":38},"end":{"line":64,"column":62}},"33":{"start":{"line":64,"column":19},"end":{"line":64,"column":21}},"34":{"start":{"line":64,"column":34},"end":{"line":64,"column":38}},"35":{"start":{"line":65,"column":40},"end":{"line":65,"column":67}},"36":{"start":{"line":65,"column":20},"end":{"line":65,"column":22}},"37":{"start":{"line":65,"column":36},"end":{"line":65,"column":40}},"38":{"start":{"line":66,"column":30},"end":{"line":66,"column":50}},"39":{"start":{"line":66,"column":15},"end":{"line":66,"column":17}},"40":{"start":{"line":66,"column":26},"end":{"line":66,"column":30}},"41":{"start":{"line":67,"column":42},"end":{"line":67,"column":62}},"42":{"start":{"line":67,"column":21},"end":{"line":67,"column":23}},"43":{"start":{"line":67,"column":38},"end":{"line":67,"column":42}},"44":{"start":{"line":71,"column":24},"end":{"line":88,"column":4}},"45":{"start":{"line":73,"column":12},"end":{"line":73,"column":39}},"46":{"start":{"line":74,"column":23},"end":{"line":78,"column":null}},"47":{"start":{"line":74,"column":12},"end":{"line":78,"column":null}},"48":{"start":{"line":79,"column":10},"end":{"line":79,"column":18}},"49":{"start":{"line":80,"column":21},"end":{"line":80,"column":null}},"50":{"start":{"line":80,"column":14},"end":{"line":80,"column":null}},"51":{"start":{"line":81,"column":8},"end":{"line":81,"column":33}},"52":{"start":{"line":83,"column":8},"end":{"line":83,"column":52}},"53":{"start":{"line":86,"column":6},"end":{"line":86,"column":27}},"54":{"start":{"line":89,"column":2},"end":{"line":91,"column":22}},"55":{"start":{"line":90,"column":8},"end":{"line":90,"column":24}},"56":{"start":{"line":94,"column":23},"end":{"line":98,"column":3}},"57":{"start":{"line":95,"column":4},"end":{"line":95,"column":41}},"58":{"start":{"line":96,"column":4},"end":{"line":96,"column":23}},"59":{"start":{"line":97,"column":4},"end":{"line":97,"column":28}},"60":{"start":{"line":102,"column":20},"end":{"line":119,"column":null}},"61":{"start":{"line":104,"column":12},"end":{"line":104,"column":null}},"62":{"start":{"line":105,"column":23},"end":{"line":110,"column":null}},"63":{"start":{"line":105,"column":12},"end":{"line":110,"column":null}},"64":{"start":{"line":111,"column":9},"end":{"line":111,"column":17}},"65":{"start":{"line":112,"column":21},"end":{"line":112,"column":null}},"66":{"start":{"line":112,"column":14},"end":{"line":112,"column":null}},"67":{"start":{"line":113,"column":8},"end":{"line":113,"column":31}},"68":{"start":{"line":114,"column":8},"end":{"line":114,"column":null}},"69":{"start":{"line":117,"column":6},"end":{"line":117,"column":27}},"70":{"start":{"line":120,"column":2},"end":{"line":123,"column":7}},"71":{"start":{"line":121,"column":4},"end":{"line":121,"column":16}},"72":{"start":{"line":126,"column":25},"end":{"line":147,"column":4}},"73":{"start":{"line":126,"column":42},"end":{"line":147,"column":4}},"74":{"start":{"line":128,"column":12},"end":{"line":128,"column":45}},"75":{"start":{"line":129,"column":23},"end":{"line":135,"column":null}},"76":{"start":{"line":129,"column":12},"end":{"line":135,"column":null}},"77":{"start":{"line":137,"column":6},"end":{"line":143,"column":null}},"78":{"start":{"line":138,"column":8},"end":{"line":140,"column":10}},"79":{"start":{"line":139,"column":10},"end":{"line":139,"column":null}},"80":{"start":{"line":139,"column":42},"end":{"line":139,"column":61}},"81":{"start":{"line":142,"column":8},"end":{"line":142,"column":77}},"82":{"start":{"line":145,"column":6},"end":{"line":145,"column":61}},"83":{"start":{"line":150,"column":25},"end":{"line":150,"column":26}},"84":{"start":{"line":151,"column":21},"end":{"line":151,"column":55}},"85":{"start":{"line":152,"column":19},"end":{"line":152,"column":46}},"86":{"start":{"line":153,"column":29},"end":{"line":155,"column":78}},"87":{"start":{"line":154,"column":2},"end":{"line":155,"column":78}},"88":{"start":{"line":156,"column":30},"end":{"line":156,"column":76}},"89":{"start":{"line":157,"column":27},"end":{"line":159,"column":3}},"90":{"start":{"line":158,"column":4},"end":{"line":158,"column":25}},"91":{"start":{"line":161,"column":2},"end":{"line":281,"column":4}},"92":{"start":{"line":181,"column":46},"end":{"line":181,"column":null}},"93":{"start":{"line":190,"column":31},"end":{"line":190,"column":null}},"94":{"start":{"line":195,"column":31},"end":{"line":195,"column":null}},"95":{"start":{"line":203,"column":69},"end":{"line":203,"column":111}},"96":{"start":{"line":228,"column":54},"end":{"line":263,"column":18}},"97":{"start":{"line":242,"column":41},"end":{"line":242,"column":null}},"98":{"start":{"line":254,"column":41},"end":{"line":254,"column":null}},"99":{"start":{"line":272,"column":45},"end":{"line":272,"column":null}},"100":{"start":{"line":284,"column":0},"end":{"line":284,"column":24}}},"fnMap":{"0":{"name":"(anonymous_20)","decl":{"start":{"line":22,"column":40},"end":{"line":22,"column":41}},"loc":{"start":{"line":22,"column":50},"end":{"line":22,"column":56}}},"1":{"name":"(anonymous_21)","decl":{"start":{"line":31,"column":42},"end":{"line":31,"column":43}},"loc":{"start":{"line":31,"column":52},"end":{"line":31,"column":null}}},"2":{"name":"(anonymous_22)","decl":{"start":{"line":53,"column":27},"end":{"line":53,"column":null}},"loc":{"start":{"line":53,"column":27},"end":{"line":282,"column":1}}},"3":{"name":"(anonymous_23)","decl":{"start":{"line":71,"column":24},"end":{"line":71,"column":null}},"loc":{"start":{"line":71,"column":24},"end":{"line":88,"column":4}}},"4":{"name":"(anonymous_26)","decl":{"start":{"line":89,"column":12},"end":{"line":89,"column":null}},"loc":{"start":{"line":89,"column":12},"end":{"line":91,"column":3}}},"5":{"name":"(anonymous_27)","decl":{"start":{"line":94,"column":23},"end":{"line":94,"column":null}},"loc":{"start":{"line":94,"column":23},"end":{"line":98,"column":3}}},"6":{"name":"(anonymous_28)","decl":{"start":{"line":102,"column":20},"end":{"line":102,"column":null}},"loc":{"start":{"line":102,"column":20},"end":{"line":119,"column":null}}},"7":{"name":"(anonymous_31)","decl":{"start":{"line":120,"column":12},"end":{"line":120,"column":null}},"loc":{"start":{"line":120,"column":12},"end":{"line":123,"column":1}}},"8":{"name":"(anonymous_32)","decl":{"start":{"line":126,"column":25},"end":{"line":126,"column":32}},"loc":{"start":{"line":126,"column":42},"end":{"line":147,"column":4}}},"9":{"name":"(anonymous_33)","decl":{"start":{"line":126,"column":42},"end":{"line":126,"column":null}},"loc":{"start":{"line":126,"column":42},"end":{"line":147,"column":4}}},"10":{"name":"(anonymous_35)","decl":{"start":{"line":138,"column":22},"end":{"line":138,"column":23}},"loc":{"start":{"line":138,"column":33},"end":{"line":139,"column":20}}},"11":{"name":"(anonymous_36)","decl":{"start":{"line":139,"column":28},"end":{"line":139,"column":29}},"loc":{"start":{"line":139,"column":37},"end":{"line":139,"column":50}}},"12":{"name":"(anonymous_37)","decl":{"start":{"line":153,"column":47},"end":{"line":153,"column":48}},"loc":{"start":{"line":153,"column":56},"end":{"line":154,"column":10}}},"13":{"name":"(anonymous_38)","decl":{"start":{"line":157,"column":27},"end":{"line":157,"column":28}},"loc":{"start":{"line":157,"column":40},"end":{"line":159,"column":3}}},"14":{"name":"(anonymous_39)","decl":{"start":{"line":181,"column":40},"end":{"line":181,"column":46}},"loc":{"start":{"line":181,"column":40},"end":{"line":181,"column":54}}},"15":{"name":"(anonymous_40)","decl":{"start":{"line":190,"column":24},"end":{"line":190,"column":25}},"loc":{"start":{"line":190,"column":26},"end":{"line":190,"column":40}}},"16":{"name":"(anonymous_41)","decl":{"start":{"line":195,"column":24},"end":{"line":195,"column":25}},"loc":{"start":{"line":195,"column":26},"end":{"line":195,"column":46}}},"17":{"name":"(anonymous_42)","decl":{"start":{"line":203,"column":63},"end":{"line":203,"column":69}},"loc":{"start":{"line":203,"column":63},"end":{"line":203,"column":77}}},"18":{"name":"(anonymous_43)","decl":{"start":{"line":228,"column":40},"end":{"line":228,"column":41}},"loc":{"start":{"line":228,"column":49},"end":{"line":228,"column":null}}},"19":{"name":"(anonymous_44)","decl":{"start":{"line":242,"column":35},"end":{"line":242,"column":41}},"loc":{"start":{"line":242,"column":35},"end":{"line":242,"column":49}}},"20":{"name":"(anonymous_45)","decl":{"start":{"line":254,"column":35},"end":{"line":254,"column":41}},"loc":{"start":{"line":254,"column":35},"end":{"line":254,"column":55}}},"21":{"name":"(anonymous_46)","decl":{"start":{"line":272,"column":32},"end":{"line":272,"column":33}},"loc":{"start":{"line":272,"column":40},"end":{"line":272,"column":61}}}},"branchMap":{"0":{"loc":{"start":{"line":79,"column":10},"end":{"line":79,"column":18}},"type":"if","locations":[{"start":{"line":79,"column":10},"end":{"line":79,"column":18}}]},"1":{"loc":{"start":{"line":111,"column":9},"end":{"line":111,"column":17}},"type":"if","locations":[{"start":{"line":111,"column":9},"end":{"line":111,"column":17}}]},"2":{"loc":{"start":{"line":137,"column":6},"end":{"line":143,"column":null}},"type":"if","locations":[{"start":{"line":137,"column":6},"end":{"line":143,"column":null}},{"start":{"line":141,"column":13},"end":{"line":143,"column":null}}]},"3":{"loc":{"start":{"line":154,"column":2},"end":{"line":155,"column":77}},"type":"binary-expr","locations":[{"start":{"line":154,"column":2},"end":{"line":154,"column":60}},{"start":{"line":155,"column":3},"end":{"line":155,"column":22}},{"start":{"line":155,"column":26},"end":{"line":155,"column":76}}]},"4":{"loc":{"start":{"line":203,"column":91},"end":{"line":203,"column":106}},"type":"cond-expr","locations":[{"start":{"line":203,"column":102},"end":{"line":203,"column":104}},{"start":{"line":203,"column":91},"end":{"line":203,"column":106}}]},"5":{"loc":{"start":{"line":203,"column":91},"end":{"line":203,"column":104}},"type":"binary-expr","locations":[{"start":{"line":203,"column":91},"end":{"line":203,"column":104}},{"start":{"line":203,"column":91},"end":{"line":203,"column":104}}]},"6":{"loc":{"start":{"line":221,"column":15},"end":{"line":263,"column":null}},"type":"cond-expr","locations":[{"start":{"line":222,"column":16},"end":{"line":225,"column":null}},{"start":{"line":228,"column":16},"end":{"line":263,"column":18}}]},"7":{"loc":{"start":{"line":237,"column":23},"end":{"line":237,"column":65}},"type":"cond-expr","locations":[{"start":{"line":237,"column":44},"end":{"line":237,"column":52}},{"start":{"line":237,"column":55},"end":{"line":237,"column":65}}]}},"s":{"0":1,"1":1,"2":1,"3":1,"4":1,"5":1,"6":1,"7":1,"8":1,"9":1,"10":1,"11":1,"12":1,"13":1,"14":1,"15":1,"16":1,"17":1,"18":1,"19":1,"20":6,"21":6,"22":1,"23":126,"24":126,"25":1,"26":22,"27":21,"28":21,"29":21,"30":21,"31":21,"32":21,"33":21,"34":21,"35":21,"36":21,"37":21,"38":21,"39":21,"40":21,"41":21,"42":21,"43":21,"44":42,"45":21,"46":21,"47":21,"48":21,"49":21,"50":21,"51":21,"52":0,"53":0,"54":21,"55":21,"56":21,"57":1,"58":1,"59":1,"60":29,"61":8,"62":8,"63":8,"64":8,"65":8,"66":8,"67":8,"68":8,"69":0,"70":21,"71":8,"72":21,"73":0,"74":0,"75":0,"76":0,"77":0,"78":0,"79":0,"80":0,"81":0,"82":0,"83":21,"84":21,"85":21,"86":21,"87":6,"88":21,"89":21,"90":0,"91":21,"92":0,"93":0,"94":0,"95":0,"96":6,"97":0,"98":0,"99":0,"100":1},"f":{"0":6,"1":126,"2":22,"3":42,"4":21,"5":1,"6":16,"7":8,"8":0,"9":0,"10":0,"11":0,"12":6,"13":0,"14":0,"15":0,"16":0,"17":0,"18":6,"19":0,"20":0,"21":0},"b":{"0":[0],"1":[0],"2":[0,0],"3":[6,6,0],"4":[0,0],"5":[0,0],"6":[18,3],"7":[6,0]}}
,"D:\\bootcamp-revou\\week14\\week-14-RPrasetyoB\\src\\pages\\Login\\index.tsx": {"path":"D:\\bootcamp-revou\\week14\\week-14-RPrasetyoB\\src\\pages\\Login\\index.tsx","statementMap":{"0":{"start":{"line":1,"column":0},"end":{"line":1,"column":40}},"1":{"start":{"line":2,"column":0},"end":{"line":2,"column":38}},"2":{"start":{"line":3,"column":0},"end":{"line":3,"column":81}},"3":{"start":{"line":4,"column":0},"end":{"line":4,"column":27}},"4":{"start":{"line":5,"column":0},"end":{"line":5,"column":46}},"5":{"start":{"line":6,"column":0},"end":{"line":6,"column":41}},"6":{"start":{"line":7,"column":0},"end":{"line":7,"column":31}},"7":{"start":{"line":9,"column":25},"end":{"line":14,"column":2}},"8":{"start":{"line":20,"column":28},"end":{"line":150,"column":1}},"9":{"start":{"line":21,"column":24},"end":{"line":24,"column":4}},"10":{"start":{"line":25,"column":19},"end":{"line":25,"column":32}},"11":{"start":{"line":26,"column":36},"end":{"line":26,"column":51}},"12":{"start":{"line":26,"column":18},"end":{"line":26,"column":20}},"13":{"start":{"line":26,"column":32},"end":{"line":26,"column":36}},"14":{"start":{"line":29,"column":23},"end":{"line":68,"column":4}},"15":{"start":{"line":29,"column":48},"end":{"line":68,"column":4}},"16":{"start":{"line":30,"column":4},"end":{"line":30,"column":23}},"17":{"start":{"line":32,"column":10},"end":{"line":32,"column":39}},"18":{"start":{"line":34,"column":23},"end":{"line":41,"column":null}},"19":{"start":{"line":34,"column":12},"end":{"line":41,"column":null}},"20":{"start":{"line":42,"column":19},"end":{"line":42,"column":null}},"21":{"start":{"line":42,"column":12},"end":{"line":42,"column":null}},"22":{"start":{"line":44,"column":6},"end":{"line":57,"column":null}},"23":{"start":{"line":45,"column":8},"end":{"line":45,"column":49}},"24":{"start":{"line":47,"column":12},"end":{"line":47,"column":null}},"25":{"start":{"line":48,"column":6},"end":{"line":48,"column":null}},"26":{"start":{"line":50,"column":8},"end":{"line":50,"column":null}},"27":{"start":{"line":52,"column":8},"end":{"line":56,"column":11}},"28":{"start":{"line":59,"column":6},"end":{"line":59,"column":49}},"29":{"start":{"line":60,"column":6},"end":{"line":64,"column":9}},"30":{"start":{"line":70,"column":2},"end":{"line":149,"column":4}},"31":{"start":{"line":78,"column":22},"end":{"line":78,"column":null}},"32":{"start":{"line":79,"column":17},"end":{"line":79,"column":null}},"33":{"start":{"line":80,"column":16},"end":{"line":80,"column":null}},"34":{"start":{"line":81,"column":22},"end":{"line":81,"column":null}},"35":{"start":{"line":82,"column":20},"end":{"line":82,"column":null}},"36":{"start":{"line":83,"column":22},"end":{"line":83,"column":null}},"37":{"start":{"line":84,"column":14},"end":{"line":146,"column":null}},"38":{"start":{"line":136,"column":30},"end":{"line":136,"column":null}},"39":{"start":{"line":152,"column":0},"end":{"line":152,"column":25}}},"fnMap":{"0":{"name":"(anonymous_20)","decl":{"start":{"line":20,"column":28},"end":{"line":20,"column":null}},"loc":{"start":{"line":20,"column":28},"end":{"line":150,"column":1}}},"1":{"name":"(anonymous_21)","decl":{"start":{"line":29,"column":23},"end":{"line":29,"column":30}},"loc":{"start":{"line":29,"column":48},"end":{"line":68,"column":4}}},"2":{"name":"(anonymous_22)","decl":{"start":{"line":29,"column":48},"end":{"line":29,"column":null}},"loc":{"start":{"line":29,"column":48},"end":{"line":68,"column":4}}},"3":{"name":"(anonymous_24)","decl":{"start":{"line":77,"column":9},"end":{"line":77,"column":10}},"loc":{"start":{"line":84,"column":9},"end":{"line":84,"column":null}}},"4":{"name":"(anonymous_25)","decl":{"start":{"line":136,"column":25},"end":{"line":136,"column":30}},"loc":{"start":{"line":136,"column":25},"end":{"line":136,"column":38}}}},"branchMap":{"0":{"loc":{"start":{"line":44,"column":6},"end":{"line":57,"column":null}},"type":"if","locations":[{"start":{"line":44,"column":6},"end":{"line":57,"column":null}},{"start":{"line":51,"column":13},"end":{"line":57,"column":null}}]},"1":{"loc":{"start":{"line":106,"column":33},"end":{"line":106,"column":62}},"type":"binary-expr","locations":[{"start":{"line":106,"column":33},"end":{"line":106,"column":46}},{"start":{"line":106,"column":50},"end":{"line":106,"column":62}}]},"2":{"loc":{"start":{"line":107,"column":30},"end":{"line":107,"column":59}},"type":"binary-expr","locations":[{"start":{"line":107,"column":30},"end":{"line":107,"column":43}},{"start":{"line":107,"column":47},"end":{"line":107,"column":59}}]},"3":{"loc":{"start":{"line":120,"column":33},"end":{"line":120,"column":68}},"type":"binary-expr","locations":[{"start":{"line":120,"column":33},"end":{"line":120,"column":49}},{"start":{"line":120,"column":53},"end":{"line":120,"column":68}}]},"4":{"loc":{"start":{"line":121,"column":30},"end":{"line":121,"column":65}},"type":"binary-expr","locations":[{"start":{"line":121,"column":30},"end":{"line":121,"column":46}},{"start":{"line":121,"column":50},"end":{"line":121,"column":65}}]},"5":{"loc":{"start":{"line":129,"column":26},"end":{"line":129,"column":51}},"type":"binary-expr","locations":[{"start":{"line":129,"column":26},"end":{"line":129,"column":35}},{"start":{"line":129,"column":39},"end":{"line":129,"column":51}}]},"6":{"loc":{"start":{"line":132,"column":17},"end":{"line":132,"column":54}},"type":"cond-expr","locations":[{"start":{"line":132,"column":29},"end":{"line":132,"column":44}},{"start":{"line":132,"column":47},"end":{"line":132,"column":54}}]},"7":{"loc":{"start":{"line":139,"column":26},"end":{"line":139,"column":51}},"type":"binary-expr","locations":[{"start":{"line":139,"column":26},"end":{"line":139,"column":35}},{"start":{"line":139,"column":39},"end":{"line":139,"column":51}}]}},"s":{"0":1,"1":1,"2":1,"3":1,"4":1,"5":1,"6":1,"7":1,"8":1,"9":5,"10":5,"11":5,"12":5,"13":5,"14":5,"15":1,"16":1,"17":1,"18":1,"19":1,"20":1,"21":1,"22":1,"23":0,"24":0,"25":0,"26":0,"27":1,"28":0,"29":0,"30":5,"31":8,"32":8,"33":8,"34":8,"35":8,"36":8,"37":8,"38":0,"39":1},"f":{"0":5,"1":1,"2":1,"3":8,"4":0},"b":{"0":[0,1],"1":[8,2],"2":[8,2],"3":[8,2],"4":[8,2],"5":[8,7],"6":[1,7],"7":[8,7]}}
,"D:\\bootcamp-revou\\week14\\week-14-RPrasetyoB\\src\\pages\\ProfilePage\\index.tsx": {"path":"D:\\bootcamp-revou\\week14\\week-14-RPrasetyoB\\src\\pages\\ProfilePage\\index.tsx","statementMap":{"0":{"start":{"line":1,"column":0},"end":{"line":1,"column":50}},"1":{"start":{"line":2,"column":0},"end":{"line":2,"column":43}},"2":{"start":{"line":3,"column":0},"end":{"line":3,"column":40}},"3":{"start":{"line":4,"column":0},"end":{"line":4,"column":94}},"4":{"start":{"line":5,"column":0},"end":{"line":5,"column":70}},"5":{"start":{"line":6,"column":0},"end":{"line":6,"column":46}},"6":{"start":{"line":7,"column":0},"end":{"line":7,"column":39}},"7":{"start":{"line":8,"column":0},"end":{"line":8,"column":66}},"8":{"start":{"line":11,"column":23},"end":{"line":18,"column":5}},"9":{"start":{"line":11,"column":48},"end":{"line":11,"column":50}},"10":{"start":{"line":11,"column":55},"end":{"line":18,"column":5}},"11":{"start":{"line":20,"column":26},"end":{"line":29,"column":5}},"12":{"start":{"line":20,"column":52},"end":{"line":20,"column":54}},"13":{"start":{"line":20,"column":59},"end":{"line":29,"column":5}},"14":{"start":{"line":38,"column":31},"end":{"line":113,"column":1}},"15":{"start":{"line":39,"column":18},"end":{"line":39,"column":51}},"16":{"start":{"line":40,"column":4},"end":{"line":40,"column":null}},"17":{"start":{"line":41,"column":34},"end":{"line":41,"column":48}},"18":{"start":{"line":41,"column":18},"end":{"line":41,"column":20}},"19":{"start":{"line":41,"column":30},"end":{"line":41,"column":34}},"20":{"start":{"line":42,"column":48},"end":{"line":42,"column":71}},"21":{"start":{"line":42,"column":25},"end":{"line":42,"column":27}},"22":{"start":{"line":42,"column":44},"end":{"line":42,"column":48}},"23":{"start":{"line":45,"column":25},"end":{"line":66,"column":8}},"24":{"start":{"line":47,"column":16},"end":{"line":47,"column":47}},"25":{"start":{"line":48,"column":27},"end":{"line":53,"column":null}},"26":{"start":{"line":48,"column":16},"end":{"line":53,"column":null}},"27":{"start":{"line":54,"column":14},"end":{"line":54,"column":22}},"28":{"start":{"line":55,"column":25},"end":{"line":55,"column":null}},"29":{"start":{"line":55,"column":18},"end":{"line":55,"column":null}},"30":{"start":{"line":56,"column":12},"end":{"line":56,"column":41}},"31":{"start":{"line":59,"column":12},"end":{"line":59,"column":53}},"32":{"start":{"line":62,"column":10},"end":{"line":62,"column":29}},"33":{"start":{"line":64,"column":10},"end":{"line":64,"column":28}},"34":{"start":{"line":67,"column":4},"end":{"line":70,"column":null}},"35":{"start":{"line":68,"column":8},"end":{"line":68,"column":null}},"36":{"start":{"line":72,"column":4},"end":{"line":111,"column":8}},"37":{"start":{"line":78,"column":35},"end":{"line":78,"column":null}},"38":{"start":{"line":115,"column":0},"end":{"line":115,"column":null}}},"fnMap":{"0":{"name":"(anonymous_20)","decl":{"start":{"line":11,"column":40},"end":{"line":11,"column":41}},"loc":{"start":{"line":11,"column":50},"end":{"line":11,"column":56}}},"1":{"name":"(anonymous_21)","decl":{"start":{"line":20,"column":44},"end":{"line":20,"column":45}},"loc":{"start":{"line":20,"column":54},"end":{"line":20,"column":null}}},"2":{"name":"(anonymous_22)","decl":{"start":{"line":38,"column":31},"end":{"line":38,"column":null}},"loc":{"start":{"line":38,"column":31},"end":{"line":113,"column":1}}},"3":{"name":"(anonymous_23)","decl":{"start":{"line":45,"column":25},"end":{"line":45,"column":null}},"loc":{"start":{"line":45,"column":25},"end":{"line":66,"column":8}}},"4":{"name":"(anonymous_26)","decl":{"start":{"line":67,"column":14},"end":{"line":67,"column":null}},"loc":{"start":{"line":67,"column":14},"end":{"line":70,"column":5}}},"5":{"name":"(anonymous_27)","decl":{"start":{"line":78,"column":29},"end":{"line":78,"column":35}},"loc":{"start":{"line":78,"column":29},"end":{"line":78,"column":41}}}},"branchMap":{"0":{"loc":{"start":{"line":54,"column":14},"end":{"line":54,"column":22}},"type":"if","locations":[{"start":{"line":54,"column":14},"end":{"line":54,"column":22}}]},"1":{"loc":{"start":{"line":82,"column":13},"end":{"line":108,"column":null}},"type":"cond-expr","locations":[{"start":{"line":83,"column":12},"end":{"line":83,"column":33}},{"start":{"line":84,"column":16},"end":{"line":108,"column":null}}]},"2":{"loc":{"start":{"line":84,"column":16},"end":{"line":108,"column":null}},"type":"cond-expr","locations":[{"start":{"line":85,"column":12},"end":{"line":105,"column":null}},{"start":{"line":108,"column":12},"end":{"line":108,"column":49}}]}},"s":{"0":1,"1":1,"2":1,"3":1,"4":1,"5":1,"6":1,"7":1,"8":1,"9":3,"10":3,"11":1,"12":6,"13":6,"14":1,"15":6,"16":6,"17":6,"18":5,"19":5,"20":5,"21":5,"22":5,"23":8,"24":3,"25":3,"26":3,"27":3,"28":3,"29":3,"30":2,"31":0,"32":1,"33":3,"34":5,"35":3,"36":5,"37":0,"38":1},"f":{"0":3,"1":6,"2":6,"3":6,"4":3,"5":0},"b":{"0":[0],"1":[3,2],"2":[1,1]}}
,"D:\\bootcamp-revou\\week14\\week-14-RPrasetyoB\\src\\pages\\Register\\index.tsx": {"path":"D:\\bootcamp-revou\\week14\\week-14-RPrasetyoB\\src\\pages\\Register\\index.tsx","statementMap":{"0":{"start":{"line":1,"column":0},"end":{"line":1,"column":33}},"1":{"start":{"line":2,"column":0},"end":{"line":2,"column":38}},"2":{"start":{"line":3,"column":0},"end":{"line":3,"column":81}},"3":{"start":{"line":4,"column":0},"end":{"line":4,"column":46}},"4":{"start":{"line":5,"column":0},"end":{"line":5,"column":27}},"5":{"start":{"line":6,"column":0},"end":{"line":6,"column":41}},"6":{"start":{"line":7,"column":0},"end":{"line":7,"column":31}},"7":{"start":{"line":9,"column":25},"end":{"line":16,"column":2}},"8":{"start":{"line":24,"column":22},"end":{"line":28,"column":2}},"9":{"start":{"line":30,"column":31},"end":{"line":173,"column":1}},"10":{"start":{"line":32,"column":19},"end":{"line":32,"column":32}},"11":{"start":{"line":33,"column":36},"end":{"line":33,"column":51}},"12":{"start":{"line":33,"column":18},"end":{"line":33,"column":20}},"13":{"start":{"line":33,"column":32},"end":{"line":33,"column":36}},"14":{"start":{"line":35,"column":23},"end":{"line":77,"column":null}},"15":{"start":{"line":35,"column":52},"end":{"line":77,"column":null}},"16":{"start":{"line":36,"column":4},"end":{"line":36,"column":23}},"17":{"start":{"line":38,"column":10},"end":{"line":38,"column":null}},"18":{"start":{"line":40,"column":23},"end":{"line":46,"column":null}},"19":{"start":{"line":40,"column":12},"end":{"line":46,"column":null}},"20":{"start":{"line":47,"column":19},"end":{"line":47,"column":null}},"21":{"start":{"line":47,"column":12},"end":{"line":47,"column":null}},"22":{"start":{"line":48,"column":6},"end":{"line":48,"column":24}},"23":{"start":{"line":50,"column":6},"end":{"line":64,"column":null}},"24":{"start":{"line":51,"column":8},"end":{"line":55,"column":11}},"25":{"start":{"line":57,"column":8},"end":{"line":57,"column":null}},"26":{"start":{"line":59,"column":8},"end":{"line":63,"column":11}},"27":{"start":{"line":66,"column":6},"end":{"line":66,"column":26}},"28":{"start":{"line":69,"column":6},"end":{"line":69,"column":49}},"29":{"start":{"line":70,"column":6},"end":{"line":70,"column":null}},"30":{"start":{"line":71,"column":6},"end":{"line":75,"column":9}},"31":{"start":{"line":79,"column":2},"end":{"line":172,"column":4}},"32":{"start":{"line":87,"column":22},"end":{"line":87,"column":null}},"33":{"start":{"line":88,"column":17},"end":{"line":88,"column":null}},"34":{"start":{"line":89,"column":16},"end":{"line":89,"column":null}},"35":{"start":{"line":90,"column":22},"end":{"line":90,"column":null}},"36":{"start":{"line":91,"column":20},"end":{"line":91,"column":null}},"37":{"start":{"line":92,"column":22},"end":{"line":92,"column":null}},"38":{"start":{"line":93,"column":14},"end":{"line":169,"column":null}},"39":{"start":{"line":158,"column":30},"end":{"line":158,"column":null}},"40":{"start":{"line":175,"column":0},"end":{"line":175,"column":28}}},"fnMap":{"0":{"name":"(anonymous_20)","decl":{"start":{"line":30,"column":31},"end":{"line":30,"column":null}},"loc":{"start":{"line":30,"column":31},"end":{"line":173,"column":1}}},"1":{"name":"(anonymous_21)","decl":{"start":{"line":35,"column":23},"end":{"line":35,"column":30}},"loc":{"start":{"line":35,"column":52},"end":{"line":77,"column":null}}},"2":{"name":"(anonymous_22)","decl":{"start":{"line":35,"column":52},"end":{"line":35,"column":null}},"loc":{"start":{"line":35,"column":52},"end":{"line":77,"column":null}}},"3":{"name":"(anonymous_24)","decl":{"start":{"line":86,"column":9},"end":{"line":86,"column":10}},"loc":{"start":{"line":93,"column":9},"end":{"line":93,"column":null}}},"4":{"name":"(anonymous_25)","decl":{"start":{"line":158,"column":25},"end":{"line":158,"column":30}},"loc":{"start":{"line":158,"column":25},"end":{"line":158,"column":38}}}},"branchMap":{"0":{"loc":{"start":{"line":50,"column":6},"end":{"line":64,"column":null}},"type":"if","locations":[{"start":{"line":50,"column":6},"end":{"line":64,"column":null}},{"start":{"line":58,"column":13},"end":{"line":64,"column":null}}]},"1":{"loc":{"start":{"line":115,"column":33},"end":{"line":115,"column":60}},"type":"binary-expr","locations":[{"start":{"line":115,"column":33},"end":{"line":115,"column":45}},{"start":{"line":115,"column":49},"end":{"line":115,"column":60}}]},"2":{"loc":{"start":{"line":116,"column":30},"end":{"line":116,"column":57}},"type":"binary-expr","locations":[{"start":{"line":116,"column":30},"end":{"line":116,"column":42}},{"start":{"line":116,"column":46},"end":{"line":116,"column":57}}]},"3":{"loc":{"start":{"line":128,"column":33},"end":{"line":128,"column":62}},"type":"binary-expr","locations":[{"start":{"line":128,"column":33},"end":{"line":128,"column":46}},{"start":{"line":128,"column":50},"end":{"line":128,"column":62}}]},"4":{"loc":{"start":{"line":129,"column":30},"end":{"line":129,"column":59}},"type":"binary-expr","locations":[{"start":{"line":129,"column":30},"end":{"line":129,"column":43}},{"start":{"line":129,"column":47},"end":{"line":129,"column":59}}]},"5":{"loc":{"start":{"line":142,"column":33},"end":{"line":142,"column":68}},"type":"binary-expr","locations":[{"start":{"line":142,"column":33},"end":{"line":142,"column":49}},{"start":{"line":142,"column":53},"end":{"line":142,"column":68}}]},"6":{"loc":{"start":{"line":143,"column":30},"end":{"line":143,"column":65}},"type":"binary-expr","locations":[{"start":{"line":143,"column":30},"end":{"line":143,"column":46}},{"start":{"line":143,"column":50},"end":{"line":143,"column":65}}]},"7":{"loc":{"start":{"line":151,"column":26},"end":{"line":151,"column":51}},"type":"binary-expr","locations":[{"start":{"line":151,"column":26},"end":{"line":151,"column":35}},{"start":{"line":151,"column":39},"end":{"line":151,"column":51}}]},"8":{"loc":{"start":{"line":154,"column":17},"end":{"line":154,"column":56}},"type":"cond-expr","locations":[{"start":{"line":154,"column":29},"end":{"line":154,"column":44}},{"start":{"line":154,"column":47},"end":{"line":154,"column":56}}]},"9":{"loc":{"start":{"line":162,"column":26},"end":{"line":162,"column":51}},"type":"binary-expr","locations":[{"start":{"line":162,"column":26},"end":{"line":162,"column":35}},{"start":{"line":162,"column":39},"end":{"line":162,"column":51}}]}},"s":{"0":1,"1":1,"2":1,"3":1,"4":1,"5":1,"6":1,"7":1,"8":1,"9":1,"10":5,"11":5,"12":5,"13":5,"14":5,"15":1,"16":1,"17":1,"18":1,"19":1,"20":1,"21":1,"22":1,"23":1,"24":0,"25":0,"26":1,"27":1,"28":0,"29":0,"30":0,"31":5,"32":9,"33":9,"34":9,"35":9,"36":9,"37":9,"38":9,"39":0,"40":1},"f":{"0":5,"1":1,"2":1,"3":9,"4":0},"b":{"0":[0,1],"1":[9,2],"2":[9,2],"3":[9,2],"4":[9,2],"5":[9,2],"6":[9,2],"7":[9,9],"8":[0,9],"9":[9,9]}}
,"D:\\bootcamp-revou\\week14\\week-14-RPrasetyoB\\src\\utils\\api.ts": {"path":"D:\\bootcamp-revou\\week14\\week-14-RPrasetyoB\\src\\utils\\api.ts","statementMap":{"0":{"start":{"line":1,"column":13},"end":{"line":1,"column":null}}},"fnMap":{},"branchMap":{},"s":{"0":6},"f":{},"b":{}}
}
