TN:
SF:src\hook\index.ts
FN:1,(anonymous_1)
FNF:1
FNH:1
FNDA:43,(anonymous_1)
DA:1,46
LF:1
LH:1
BRF:0
BRH:0
end_of_record
TN:
SF:src\hook\useAuthChecker\index.tsx
FN:4,(anonymous_0)
FN:7,(anonymous_1)
FN:13,(anonymous_2)
FNF:3
FNH:3
FNDA:43,(anonymous_0)
FNDA:21,(anonymous_1)
FNDA:21,(anonymous_2)
DA:1,3
DA:2,3
DA:4,3
DA:5,43
DA:7,43
DA:8,21
DA:9,20
DA:13,43
DA:14,21
DA:18,3
LF:10
LH:10
BRDA:8,0,0,20
BRF:1
BRH:1
end_of_record
TN:
SF:src\pages\AddCategory\index.tsx
FN:25,(anonymous_20)
FN:32,(anonymous_21)
FN:37,(anonymous_22)
FN:37,(anonymous_23)
FN:60,(anonymous_25)
FN:98,(anonymous_26)
FN:109,(anonymous_27)
FNF:7
FNH:5
FNDA:11,(anonymous_20)
FNDA:1,(anonymous_21)
FNDA:1,(anonymous_22)
FNDA:1,(anonymous_23)
FNDA:0,(anonymous_25)
FNDA:0,(anonymous_26)
FNDA:13,(anonymous_27)
DA:1,1
DA:2,1
DA:3,1
DA:4,1
DA:5,1
DA:6,1
DA:8,1
DA:9,1
DA:11,1
DA:20,1
DA:25,1
DA:26,11
DA:27,11
DA:28,11
DA:29,11
DA:30,11
DA:32,11
DA:33,1
DA:34,1
DA:37,11
DA:38,1
DA:40,1
DA:41,1
DA:43,0
DA:46,1
DA:50,1
DA:51,1
DA:52,1
DA:59,1
DA:60,1
DA:62,0
DA:63,0
DA:68,0
DA:70,0
DA:71,0
DA:80,0
DA:81,0
DA:86,0
DA:88,0
DA:94,0
DA:98,11
DA:99,0
DA:102,11
DA:110,13
DA:111,13
DA:112,13
DA:113,13
DA:114,13
DA:115,13
DA:116,13
DA:189,1
LF:51
LH:39
BRDA:40,0,0,1
BRDA:40,0,1,0
BRDA:62,1,0,0
BRDA:80,2,0,0
BRDA:80,2,1,0
BRDA:143,3,0,13
BRDA:143,3,1,2
BRDA:144,4,0,13
BRDA:144,4,1,2
BRDA:167,5,0,13
BRDA:167,5,1,12
BRDA:170,6,0,1
BRDA:170,6,1,12
BRF:13
BRH:9
end_of_record
TN:
SF:src\pages\EditCategory\index.tsx
FN:21,(anonymous_20)
FN:36,(anonymous_21)
FN:49,(anonymous_24)
FN:58,(anonymous_25)
FN:63,(anonymous_26)
FN:63,(anonymous_27)
FN:97,(anonymous_29)
FN:108,(anonymous_30)
FNF:8
FNH:7
FNDA:12,(anonymous_20)
FNDA:8,(anonymous_21)
FNDA:4,(anonymous_24)
FNDA:1,(anonymous_25)
FNDA:1,(anonymous_26)
FNDA:1,(anonymous_27)
FNDA:0,(anonymous_29)
FNDA:13,(anonymous_30)
DA:1,1
DA:2,1
DA:3,1
DA:4,1
DA:5,1
DA:6,1
DA:7,1
DA:8,1
DA:10,1
DA:21,1
DA:22,12
DA:23,11
DA:24,11
DA:25,11
DA:26,11
DA:28,11
DA:29,11
DA:35,11
DA:36,4
DA:37,4
DA:42,4
DA:43,4
DA:48,11
DA:50,4
DA:55,11
DA:56,11
DA:58,11
DA:59,1
DA:60,1
DA:63,11
DA:64,1
DA:66,1
DA:68,1
DA:74,1
DA:76,2
DA:84,1
DA:89,1
DA:91,0
DA:93,1
DA:97,11
DA:98,0
DA:101,11
DA:109,13
DA:110,13
DA:111,13
DA:112,13
DA:113,13
DA:114,13
DA:115,13
DA:190,1
LF:50
LH:48
BRDA:31,0,0,11
BRDA:31,0,1,0
BRDA:31,1,0,11
BRDA:31,1,1,11
BRDA:32,2,0,11
BRDA:32,2,1,0
BRDA:32,3,0,11
BRDA:32,3,1,11
BRDA:37,4,0,4
BRDA:138,5,0,13
BRDA:138,5,1,0
BRDA:138,6,0,13
BRDA:138,6,1,13
BRDA:143,7,0,13
BRDA:143,7,1,2
BRDA:144,8,0,13
BRDA:144,8,1,2
BRDA:157,9,0,0
BRDA:157,9,1,13
BRDA:157,10,0,13
BRDA:157,10,1,0
BRDA:157,11,0,13
BRDA:157,11,1,13
BRDA:168,12,0,13
BRDA:168,12,1,13
BRDA:171,13,0,0
BRDA:171,13,1,13
BRF:27
BRH:21
end_of_record
TN:
SF:src\pages\HomePage\fetchMockCategories.ts
FN:14,(anonymous_13)
FN:16,(anonymous_16)
FNF:2
FNH:2
FNDA:24,(anonymous_13)
FNDA:36,(anonymous_16)
DA:1,1
DA:14,13
DA:15,12
DA:16,24
LF:4
LH:4
BRF:0
BRH:0
end_of_record
TN:
SF:src\pages\HomePage\index.tsx
FN:22,(anonymous_20)
FN:31,(anonymous_21)
FN:53,(anonymous_22)
FN:71,(anonymous_23)
FN:89,(anonymous_26)
FN:94,(anonymous_27)
FN:102,(anonymous_28)
FN:120,(anonymous_31)
FN:126,(anonymous_32)
FN:126,(anonymous_33)
FN:138,(anonymous_35)
FN:139,(anonymous_36)
FN:153,(anonymous_37)
FN:157,(anonymous_38)
FN:181,(anonymous_39)
FN:190,(anonymous_40)
FN:195,(anonymous_41)
FN:203,(anonymous_42)
FN:228,(anonymous_43)
FN:242,(anonymous_44)
FN:254,(anonymous_45)
FN:272,(anonymous_46)
FNF:22
FNH:10
FNDA:6,(anonymous_20)
FNDA:126,(anonymous_21)
FNDA:22,(anonymous_22)
FNDA:42,(anonymous_23)
FNDA:21,(anonymous_26)
FNDA:1,(anonymous_27)
FNDA:16,(anonymous_28)
FNDA:8,(anonymous_31)
FNDA:0,(anonymous_32)
FNDA:0,(anonymous_33)
FNDA:0,(anonymous_35)
FNDA:0,(anonymous_36)
FNDA:6,(anonymous_37)
FNDA:0,(anonymous_38)
FNDA:0,(anonymous_39)
FNDA:0,(anonymous_40)
FNDA:0,(anonymous_41)
FNDA:0,(anonymous_42)
FNDA:6,(anonymous_43)
FNDA:0,(anonymous_44)
FNDA:0,(anonymous_45)
FNDA:0,(anonymous_46)
DA:1,1
DA:2,1
DA:3,1
DA:4,1
DA:5,1
DA:6,1
DA:7,1
DA:8,1
DA:9,1
DA:10,1
DA:11,1
DA:12,1
DA:13,1
DA:14,1
DA:15,1
DA:16,1
DA:17,1
DA:18,1
DA:19,1
DA:22,6
DA:31,126
DA:53,1
DA:56,22
DA:59,21
DA:60,21
DA:63,21
DA:64,21
DA:65,21
DA:66,21
DA:67,21
DA:71,42
DA:73,21
DA:74,21
DA:79,21
DA:80,21
DA:81,21
DA:83,0
DA:86,0
DA:89,21
DA:90,21
DA:94,21
DA:95,1
DA:96,1
DA:97,1
DA:102,29
DA:104,8
DA:105,8
DA:111,8
DA:112,8
DA:113,8
DA:114,8
DA:117,0
DA:120,21
DA:121,8
DA:126,21
DA:128,0
DA:129,0
DA:137,0
DA:138,0
DA:139,0
DA:142,0
DA:145,0
DA:150,21
DA:151,21
DA:152,21
DA:153,21
DA:154,6
DA:156,21
DA:157,21
DA:158,0
DA:161,21
DA:181,0
DA:190,0
DA:195,0
DA:203,0
DA:228,6
DA:242,0
DA:254,0
DA:272,0
DA:284,1
LF:80
LH:62
BRDA:79,0,0,0
BRDA:111,1,0,0
BRDA:137,2,0,0
BRDA:137,2,1,0
BRDA:154,3,0,6
BRDA:154,3,1,6
BRDA:154,3,2,0
BRDA:203,4,0,0
BRDA:203,4,1,0
BRDA:203,5,0,0
BRDA:203,5,1,0
BRDA:221,6,0,18
BRDA:221,6,1,3
BRDA:237,7,0,6
BRDA:237,7,1,0
BRF:15
BRH:5
end_of_record
TN:
SF:src\pages\Login\index.tsx
FN:20,(anonymous_20)
FN:29,(anonymous_21)
FN:29,(anonymous_22)
FN:77,(anonymous_24)
FN:136,(anonymous_25)
FNF:5
FNH:4
FNDA:5,(anonymous_20)
FNDA:1,(anonymous_21)
FNDA:1,(anonymous_22)
FNDA:8,(anonymous_24)
FNDA:0,(anonymous_25)
DA:1,1
DA:2,1
DA:3,1
DA:4,1
DA:5,1
DA:6,1
DA:7,1
DA:9,1
DA:20,1
DA:21,5
DA:25,5
DA:26,5
DA:29,5
DA:30,1
DA:32,1
DA:34,1
DA:42,1
DA:44,1
DA:45,0
DA:47,0
DA:48,0
DA:50,0
DA:52,1
DA:59,0
DA:60,0
DA:70,5
DA:78,8
DA:79,8
DA:80,8
DA:81,8
DA:82,8
DA:83,8
DA:84,8
DA:136,0
DA:152,1
LF:35
LH:28
BRDA:44,0,0,0
BRDA:44,0,1,1
BRDA:106,1,0,8
BRDA:106,1,1,2
BRDA:107,2,0,8
BRDA:107,2,1,2
BRDA:120,3,0,8
BRDA:120,3,1,2
BRDA:121,4,0,8
BRDA:121,4,1,2
BRDA:129,5,0,8
BRDA:129,5,1,7
BRDA:132,6,0,1
BRDA:132,6,1,7
BRDA:139,7,0,8
BRDA:139,7,1,7
BRF:16
BRH:15
end_of_record
TN:
SF:src\pages\ProfilePage\index.tsx
FN:11,(anonymous_20)
FN:20,(anonymous_21)
FN:38,(anonymous_22)
FN:45,(anonymous_23)
FN:67,(anonymous_26)
FN:78,(anonymous_27)
FNF:6
FNH:5
FNDA:3,(anonymous_20)
FNDA:6,(anonymous_21)
FNDA:6,(anonymous_22)
FNDA:6,(anonymous_23)
FNDA:3,(anonymous_26)
FNDA:0,(anonymous_27)
DA:1,1
DA:2,1
DA:3,1
DA:4,1
DA:5,1
DA:6,1
DA:7,1
DA:8,1
DA:11,3
DA:20,6
DA:38,1
DA:39,6
DA:40,6
DA:41,6
DA:42,5
DA:45,8
DA:47,3
DA:48,3
DA:54,3
DA:55,3
DA:56,2
DA:59,0
DA:62,1
DA:64,3
DA:67,5
DA:68,3
DA:72,5
DA:78,0
DA:115,1
LF:29
LH:27
BRDA:54,0,0,0
BRDA:82,1,0,3
BRDA:82,1,1,2
BRDA:84,2,0,1
BRDA:84,2,1,1
BRF:5
BRH:4
end_of_record
TN:
SF:src\pages\Register\index.tsx
FN:30,(anonymous_20)
FN:35,(anonymous_21)
FN:35,(anonymous_22)
FN:86,(anonymous_24)
FN:158,(anonymous_25)
FNF:5
FNH:4
FNDA:5,(anonymous_20)
FNDA:1,(anonymous_21)
FNDA:1,(anonymous_22)
FNDA:9,(anonymous_24)
FNDA:0,(anonymous_25)
DA:1,1
DA:2,1
DA:3,1
DA:4,1
DA:5,1
DA:6,1
DA:7,1
DA:9,1
DA:24,1
DA:30,1
DA:32,5
DA:33,5
DA:35,5
DA:36,1
DA:38,1
DA:40,1
DA:47,1
DA:48,1
DA:50,1
DA:51,0
DA:57,0
DA:59,1
DA:66,1
DA:69,0
DA:70,0
DA:71,0
DA:79,5
DA:87,9
DA:88,9
DA:89,9
DA:90,9
DA:91,9
DA:92,9
DA:93,9
DA:158,0
DA:175,1
LF:36
LH:30
BRDA:50,0,0,0
BRDA:50,0,1,1
BRDA:115,1,0,9
BRDA:115,1,1,2
BRDA:116,2,0,9
BRDA:116,2,1,2
BRDA:128,3,0,9
BRDA:128,3,1,2
BRDA:129,4,0,9
BRDA:129,4,1,2
BRDA:142,5,0,9
BRDA:142,5,1,2
BRDA:143,6,0,9
BRDA:143,6,1,2
BRDA:151,7,0,9
BRDA:151,7,1,9
BRDA:154,8,0,0
BRDA:154,8,1,9
BRDA:162,9,0,9
BRDA:162,9,1,9
BRF:20
BRH:18
end_of_record
TN:
SF:src\utils\api.ts
FNF:0
FNH:0
DA:1,6
LF:1
LH:1
BRF:0
BRH:0
end_of_record
